<?xml version="1.0" encoding="UTF-8"?>
<testsuite name="cat.uvic.teknos.m09.cryptoutils.AssymmetricEncryptionTest" tests="2" skipped="0" failures="0" errors="0" timestamp="2022-10-14T14:10:47" hostname="FR17-14" time="0.667">
  <properties/>
  <testcase name="encryptDecryptKo()" classname="cat.uvic.teknos.m09.cryptoutils.AssymmetricEncryptionTest" time="0.391"/>
  <testcase name="encryptDecryptOk()" classname="cat.uvic.teknos.m09.cryptoutils.AssymmetricEncryptionTest" time="0.273"/>
  <system-out><![CDATA[]]></system-out>
  <system-err><![CDATA[]]></system-err>
</testsuite>
